#    TIT          PR         ETA(%)    Wnet(kJ/kg)
0.90000E+03  0.50000E+01  0.27658E+02  0.22496E+03
0.90000E+03  0.75000E+01  0.32861E+02  0.24483E+03
0.90000E+03  0.10000E+02  0.35971E+02  0.24859E+03
0.90000E+03  0.12500E+02  0.38010E+02  0.24546E+03
0.90000E+03  0.15000E+02  0.39397E+02  0.23890E+03
0.90000E+03  0.17500E+02  0.40345E+02  0.23050E+03
0.90000E+03  0.20000E+02  0.40971E+02  0.22106E+03
0.90000E+03  0.22500E+02  0.41347E+02  0.21106E+03
0.90000E+03  0.25000E+02  0.41519E+02  0.20076E+03
0.90000E+03  0.27500E+02  0.41517E+02  0.19032E+03
0.90000E+03  0.30000E+02  0.41361E+02  0.17986E+03
0.90000E+03  0.32500E+02  0.41063E+02  0.16943E+03
0.90000E+03  0.35000E+02  0.40631E+02  0.15909E+03
0.90000E+03  0.37500E+02  0.40069E+02  0.14887E+03
0.90000E+03  0.40000E+02  0.39378E+02  0.13877E+03
0.90000E+03  0.42500E+02  0.38555E+02  0.12881E+03
0.90000E+03  0.45000E+02  0.37596E+02  0.11901E+03
0.90000E+03  0.47500E+02  0.36492E+02  0.10935E+03
0.90000E+03  0.50000E+02  0.35234E+02  0.99847E+02
0.90000E+03  0.52500E+02  0.33808E+02  0.90494E+02
0.90000E+03  0.55000E+02  0.32197E+02  0.81290E+02
0.90000E+03  0.57500E+02  0.30380E+02  0.72233E+02
0.90000E+03  0.60000E+02  0.28332E+02  0.63320E+02
0.90000E+03  0.62500E+02  0.26020E+02  0.54547E+02
0.90000E+03  0.65000E+02  0.23404E+02  0.45910E+02

#    TIT          PR         ETA(%)    Wnet(kJ/kg)
0.10000E+04  0.50000E+01  0.27870E+02  0.26331E+03
0.10000E+04  0.75000E+01  0.33274E+02  0.29154E+03
0.10000E+04  0.10000E+02  0.36600E+02  0.30084E+03
0.10000E+04  0.12500E+02  0.38868E+02  0.30178E+03
0.10000E+04  0.15000E+02  0.40499E+02  0.29842E+03
0.10000E+04  0.17500E+02  0.41706E+02  0.29261E+03
0.10000E+04  0.20000E+02  0.42611E+02  0.28537E+03
0.10000E+04  0.22500E+02  0.43286E+02  0.27724E+03
0.10000E+04  0.25000E+02  0.43782E+02  0.26857E+03
0.10000E+04  0.27500E+02  0.44132E+02  0.25957E+03
0.10000E+04  0.30000E+02  0.44357E+02  0.25040E+03
0.10000E+04  0.32500E+02  0.44476E+02  0.24114E+03
0.10000E+04  0.35000E+02  0.44501E+02  0.23185E+03
0.10000E+04  0.37500E+02  0.44440E+02  0.22259E+03
0.10000E+04  0.40000E+02  0.44301E+02  0.21338E+03
0.10000E+04  0.42500E+02  0.44088E+02  0.20425E+03
0.10000E+04  0.45000E+02  0.43804E+02  0.19520E+03
0.10000E+04  0.47500E+02  0.43451E+02  0.18626E+03
0.10000E+04  0.50000E+02  0.43030E+02  0.17742E+03
0.10000E+04  0.52500E+02  0.42542E+02  0.16869E+03
0.10000E+04  0.55000E+02  0.41986E+02  0.16007E+03
0.10000E+04  0.57500E+02  0.41360E+02  0.15157E+03
0.10000E+04  0.60000E+02  0.40662E+02  0.14318E+03
0.10000E+04  0.62500E+02  0.39889E+02  0.13490E+03
0.10000E+04  0.65000E+02  0.39037E+02  0.12674E+03

#    TIT          PR         ETA(%)    Wnet(kJ/kg)
0.11000E+04  0.50000E+01  0.27961E+02  0.30204E+03
0.11000E+04  0.75000E+01  0.33498E+02  0.33875E+03
0.11000E+04  0.10000E+02  0.36968E+02  0.35370E+03
0.11000E+04  0.12500E+02  0.39385E+02  0.35881E+03
0.11000E+04  0.15000E+02  0.41173E+02  0.35872E+03
0.11000E+04  0.17500E+02  0.42542E+02  0.35558E+03
0.11000E+04  0.20000E+02  0.43617E+02  0.35058E+03
0.11000E+04  0.22500E+02  0.44470E+02  0.34437E+03
0.11000E+04  0.25000E+02  0.45153E+02  0.33738E+03
0.11000E+04  0.27500E+02  0.45699E+02  0.32987E+03
0.11000E+04  0.30000E+02  0.46133E+02  0.32203E+03
0.11000E+04  0.32500E+02  0.46472E+02  0.31396E+03
0.11000E+04  0.35000E+02  0.46730E+02  0.30577E+03
0.11000E+04  0.37500E+02  0.46918E+02  0.29750E+03
0.11000E+04  0.40000E+02  0.47042E+02  0.28921E+03
0.11000E+04  0.42500E+02  0.47111E+02  0.28092E+03
0.11000E+04  0.45000E+02  0.47127E+02  0.27266E+03
0.11000E+04  0.47500E+02  0.47097E+02  0.26445E+03
0.11000E+04  0.50000E+02  0.47021E+02  0.25630E+03
0.11000E+04  0.52500E+02  0.46904E+02  0.24822E+03
0.11000E+04  0.55000E+02  0.46746E+02  0.24021E+03
0.11000E+04  0.57500E+02  0.46549E+02  0.23228E+03
0.11000E+04  0.60000E+02  0.46315E+02  0.22444E+03
0.11000E+04  0.62500E+02  0.46043E+02  0.21668E+03
0.11000E+04  0.65000E+02  0.45735E+02  0.20900E+03

#    TIT          PR         ETA(%)    Wnet(kJ/kg)
0.12000E+04  0.50000E+01  0.27968E+02  0.34112E+03
0.12000E+04  0.75000E+01  0.33595E+02  0.38646E+03
0.12000E+04  0.10000E+02  0.37163E+02  0.40716E+03
0.12000E+04  0.12500E+02  0.39683E+02  0.41652E+03
0.12000E+04  0.15000E+02  0.41576E+02  0.41977E+03
0.12000E+04  0.17500E+02  0.43055E+02  0.41936E+03
0.12000E+04  0.20000E+02  0.44241E+02  0.41666E+03
0.12000E+04  0.22500E+02  0.45209E+02  0.41242E+03
0.12000E+04  0.25000E+02  0.46010E+02  0.40716E+03
0.12000E+04  0.27500E+02  0.46679E+02  0.40117E+03
0.12000E+04  0.30000E+02  0.47240E+02  0.39469E+03
0.12000E+04  0.32500E+02  0.47710E+02  0.38786E+03
0.12000E+04  0.35000E+02  0.48106E+02  0.38078E+03
0.12000E+04  0.37500E+02  0.48436E+02  0.37354E+03
0.12000E+04  0.40000E+02  0.48709E+02  0.36620E+03
0.12000E+04  0.42500E+02  0.48932E+02  0.35879E+03
0.12000E+04  0.45000E+02  0.49111E+02  0.35134E+03
0.12000E+04  0.47500E+02  0.49250E+02  0.34389E+03
0.12000E+04  0.50000E+02  0.49352E+02  0.33645E+03
0.12000E+04  0.52500E+02  0.49420E+02  0.32903E+03
0.12000E+04  0.55000E+02  0.49458E+02  0.32165E+03
0.12000E+04  0.57500E+02  0.49466E+02  0.31432E+03
0.12000E+04  0.60000E+02  0.49448E+02  0.30704E+03
0.12000E+04  0.62500E+02  0.49403E+02  0.29981E+03
0.12000E+04  0.65000E+02  0.49334E+02  0.29264E+03

#    TIT          PR         ETA(%)    Wnet(kJ/kg)
0.13000E+04  0.50000E+01  0.27916E+02  0.38054E+03
0.13000E+04  0.75000E+01  0.33602E+02  0.43463E+03
0.13000E+04  0.10000E+02  0.37239E+02  0.46118E+03
0.13000E+04  0.12500E+02  0.39832E+02  0.47488E+03
0.13000E+04  0.15000E+02  0.41799E+02  0.48153E+03
0.13000E+04  0.17500E+02  0.43354E+02  0.48392E+03
0.13000E+04  0.20000E+02  0.44617E+02  0.48356E+03
0.13000E+04  0.22500E+02  0.45664E+02  0.48135E+03
0.13000E+04  0.25000E+02  0.46546E+02  0.47785E+03
0.13000E+04  0.27500E+02  0.47296E+02  0.47343E+03
0.13000E+04  0.30000E+02  0.47941E+02  0.46835E+03
0.13000E+04  0.32500E+02  0.48497E+02  0.46278E+03
0.13000E+04  0.35000E+02  0.48980E+02  0.45686E+03
0.13000E+04  0.37500E+02  0.49400E+02  0.45067E+03
0.13000E+04  0.40000E+02  0.49766E+02  0.44430E+03
0.13000E+04  0.42500E+02  0.50085E+02  0.43779E+03
0.13000E+04  0.45000E+02  0.50362E+02  0.43118E+03
0.13000E+04  0.47500E+02  0.50602E+02  0.42451E+03
0.13000E+04  0.50000E+02  0.50808E+02  0.41780E+03
0.13000E+04  0.52500E+02  0.50985E+02  0.41107E+03
0.13000E+04  0.55000E+02  0.51134E+02  0.40434E+03
0.13000E+04  0.57500E+02  0.51257E+02  0.39762E+03
0.13000E+04  0.60000E+02  0.51358E+02  0.39092E+03
0.13000E+04  0.62500E+02  0.51437E+02  0.38424E+03
0.13000E+04  0.65000E+02  0.51496E+02  0.37760E+03

#    TIT          PR         ETA(%)    Wnet(kJ/kg)
0.14000E+04  0.50000E+01  0.27821E+02  0.42029E+03
0.14000E+04  0.75000E+01  0.33544E+02  0.48325E+03
0.14000E+04  0.10000E+02  0.37229E+02  0.51574E+03
0.14000E+04  0.12500E+02  0.39874E+02  0.53384E+03
0.14000E+04  0.15000E+02  0.41896E+02  0.54396E+03
0.14000E+04  0.17500E+02  0.43505E+02  0.54920E+03
0.14000E+04  0.20000E+02  0.44824E+02  0.55124E+03
0.14000E+04  0.22500E+02  0.45927E+02  0.55109E+03
0.14000E+04  0.25000E+02  0.46866E+02  0.54940E+03
0.14000E+04  0.27500E+02  0.47674E+02  0.54659E+03
0.14000E+04  0.30000E+02  0.48377E+02  0.54294E+03
0.14000E+04  0.32500E+02  0.48992E+02  0.53867E+03
0.14000E+04  0.35000E+02  0.49536E+02  0.53393E+03
0.14000E+04  0.37500E+02  0.50017E+02  0.52883E+03
0.14000E+04  0.40000E+02  0.50445E+02  0.52345E+03
0.14000E+04  0.42500E+02  0.50827E+02  0.51787E+03
0.14000E+04  0.45000E+02  0.51168E+02  0.51212E+03
0.14000E+04  0.47500E+02  0.51474E+02  0.50626E+03
0.14000E+04  0.50000E+02  0.51748E+02  0.50030E+03
0.14000E+04  0.52500E+02  0.51993E+02  0.49428E+03
0.14000E+04  0.55000E+02  0.52212E+02  0.48822E+03
0.14000E+04  0.57500E+02  0.52407E+02  0.48213E+03
0.14000E+04  0.60000E+02  0.52581E+02  0.47602E+03
0.14000E+04  0.62500E+02  0.52736E+02  0.46991E+03
0.14000E+04  0.65000E+02  0.52871E+02  0.46381E+03

#    TIT          PR         ETA(%)    Wnet(kJ/kg)
0.15000E+04  0.50000E+01  0.27694E+02  0.46037E+03
0.15000E+04  0.75000E+01  0.33438E+02  0.53230E+03
0.15000E+04  0.10000E+02  0.37157E+02  0.57081E+03
0.15000E+04  0.12500E+02  0.39840E+02  0.59339E+03
0.15000E+04  0.15000E+02  0.41901E+02  0.60705E+03
0.15000E+04  0.17500E+02  0.43551E+02  0.61518E+03
0.15000E+04  0.20000E+02  0.44910E+02  0.61967E+03
0.15000E+04  0.22500E+02  0.46055E+02  0.62163E+03
0.15000E+04  0.25000E+02  0.47036E+02  0.62178E+03
0.15000E+04  0.27500E+02  0.47886E+02  0.62060E+03
0.15000E+04  0.30000E+02  0.48631E+02  0.61843E+03
0.15000E+04  0.32500E+02  0.49289E+02  0.61549E+03
0.15000E+04  0.35000E+02  0.49876E+02  0.61196E+03
0.15000E+04  0.37500E+02  0.50400E+02  0.60797E+03
0.15000E+04  0.40000E+02  0.50872E+02  0.60361E+03
0.15000E+04  0.42500E+02  0.51299E+02  0.59898E+03
0.15000E+04  0.45000E+02  0.51685E+02  0.59411E+03
0.15000E+04  0.47500E+02  0.52036E+02  0.58907E+03
0.15000E+04  0.50000E+02  0.52356E+02  0.58389E+03
0.15000E+04  0.52500E+02  0.52648E+02  0.57860E+03
0.15000E+04  0.55000E+02  0.52914E+02  0.57323E+03
0.15000E+04  0.57500E+02  0.53158E+02  0.56778E+03
0.15000E+04  0.60000E+02  0.53380E+02  0.56229E+03
0.15000E+04  0.62500E+02  0.53584E+02  0.55677E+03
0.15000E+04  0.65000E+02  0.53771E+02  0.55122E+03

#    TIT          PR         ETA(%)    Wnet(kJ/kg)
0.16000E+04  0.50000E+01  0.27544E+02  0.50075E+03
0.16000E+04  0.75000E+01  0.33298E+02  0.58176E+03
0.16000E+04  0.10000E+02  0.37039E+02  0.62637E+03
0.16000E+04  0.12500E+02  0.39748E+02  0.65350E+03
0.16000E+04  0.15000E+02  0.41838E+02  0.67074E+03
0.16000E+04  0.17500E+02  0.43519E+02  0.68183E+03
0.16000E+04  0.20000E+02  0.44909E+02  0.68880E+03
0.16000E+04  0.22500E+02  0.46085E+02  0.69291E+03
0.16000E+04  0.25000E+02  0.47097E+02  0.69495E+03
0.16000E+04  0.27500E+02  0.47979E+02  0.69544E+03
0.16000E+04  0.30000E+02  0.48755E+02  0.69477E+03
0.16000E+04  0.32500E+02  0.49446E+02  0.69318E+03
0.16000E+04  0.35000E+02  0.50064E+02  0.69089E+03
0.16000E+04  0.37500E+02  0.50620E+02  0.68804E+03
0.16000E+04  0.40000E+02  0.51125E+02  0.68473E+03
0.16000E+04  0.42500E+02  0.51583E+02  0.68107E+03
0.16000E+04  0.45000E+02  0.52002E+02  0.67711E+03
0.16000E+04  0.47500E+02  0.52386E+02  0.67292E+03
0.16000E+04  0.50000E+02  0.52739E+02  0.66853E+03
0.16000E+04  0.52500E+02  0.53064E+02  0.66398E+03
0.16000E+04  0.55000E+02  0.53365E+02  0.65931E+03
0.16000E+04  0.57500E+02  0.53642E+02  0.65454E+03
0.16000E+04  0.60000E+02  0.53899E+02  0.64968E+03
0.16000E+04  0.62500E+02  0.54138E+02  0.64476E+03
0.16000E+04  0.65000E+02  0.54359E+02  0.63978E+03

