\BOOKMARK [1][-]{section.1}{\376\377\000I\000n\000t\000r\000o\000d\000u\000c\000t\000i\000o\000n}{}% 1
\BOOKMARK [2][-]{subsection.1.1}{\376\377\000P\000u\000r\000p\000o\000s\000e}{section.1}% 2
\BOOKMARK [2][-]{subsection.1.2}{\376\377\000O\000b\000j\000e\000c\000t\000i\000v\000e\000s}{section.1}% 3
\BOOKMARK [1][-]{section.2}{\376\377\000T\000h\000e\000o\000r\000y}{}% 4
\BOOKMARK [2][-]{subsection.2.1}{\376\377\000M\000a\000s\000s\000\040\000f\000l\000o\000w\000\040\000r\000a\000t\000e\000\040\000t\000h\000o\000u\000g\000h\000\040\000o\000r\000i\000f\000i\000c\000e\000\040\000p\000l\000a\000t\000e}{section.2}% 5
\BOOKMARK [2][-]{subsection.2.2}{\376\377\000P\000r\000e\000s\000s\000u\000r\000e\000\040\000t\000a\000p\000p\000i\000n\000g\000s}{section.2}% 6
\BOOKMARK [2][-]{subsection.2.3}{\376\377\000C\000o\000m\000p\000r\000e\000s\000s\000i\000b\000l\000e\000\040\000f\000l\000o\000w\000\040\000t\000h\000e\000o\000r\000y}{section.2}% 7
\BOOKMARK [2][-]{subsection.2.4}{\376\377\000S\000c\000h\000l\000i\000e\000r\000e\000n\000\040\000v\000i\000s\000u\000a\000l\000i\000s\000a\000t\000i\000o\000n\000\040\000t\000e\000c\000h\000n\000i\000q\000u\000e}{section.2}% 8
\BOOKMARK [1][-]{section.3}{\376\377\000M\000e\000t\000h\000o\000d}{}% 9
\BOOKMARK [2][-]{subsection.3.1}{\376\377\000P\000a\000r\000t\000\040\0001}{section.3}% 10
\BOOKMARK [3][-]{subsubsection.3.1.1}{\376\377\000A\000p\000p\000a\000r\000a\000t\000u\000s}{subsection.3.1}% 11
\BOOKMARK [3][-]{subsubsection.3.1.2}{\376\377\000P\000r\000o\000c\000e\000d\000u\000r\000e}{subsection.3.1}% 12
\BOOKMARK [2][-]{subsection.3.2}{\376\377\000U\000n\000c\000e\000r\000t\000a\000i\000n\000t\000y}{section.3}% 13
\BOOKMARK [2][-]{subsection.3.3}{\376\377\000P\000a\000r\000t\000\040\0002}{section.3}% 14
\BOOKMARK [3][-]{subsubsection.3.3.1}{\376\377\000A\000p\000p\000a\000r\000a\000t\000u\000s}{subsection.3.3}% 15
\BOOKMARK [3][-]{subsubsection.3.3.2}{\376\377\000P\000r\000o\000c\000e\000d\000u\000r\000e}{subsection.3.3}% 16
\BOOKMARK [1][-]{section.4}{\376\377\000R\000e\000s\000u\000l\000t\000s}{}% 17
\BOOKMARK [1][-]{section.5}{\376\377\000D\000i\000s\000c\000u\000s\000s\000i\000o\000n}{}% 18
\BOOKMARK [2][-]{subsection.5.1}{\376\377\000P\000a\000r\000t\000\040\0001}{section.5}% 19
\BOOKMARK [2][-]{subsection.5.2}{\376\377\000P\000a\000r\000t\000\040\0002}{section.5}% 20
\BOOKMARK [2][-]{subsection.5.3}{\376\377\000C\000o\000m\000p\000a\000r\000i\000s\000o\000n\000\040\000o\000f\000\040\000P\000a\000r\000t\000\040\0001\000\040\000a\000n\000d\000\040\000P\000a\000r\000t\000\040\0002}{section.5}% 21
\BOOKMARK [1][-]{section.6}{\376\377\000C\000o\000n\000c\000l\000u\000s\000i\000o\000n}{}% 22
\BOOKMARK [1][-]{section.7}{\376\377\000A\000p\000p\000e\000n\000d\000i\000x}{}% 23
\BOOKMARK [2][-]{subsection.7.1}{\376\377\000S\000c\000h\000l\000i\000e\000r\000e\000n\000\040\000v\000i\000s\000u\000a\000l\000i\000s\000a\000t\000i\000o\000n\000\040\000a\000n\000a\000l\000y\000s\000i\000s}{section.7}% 24
\BOOKMARK [2][-]{subsection.7.2}{\376\377\000F\000u\000r\000t\000h\000e\000r\000\040\000u\000n\000c\000e\000r\000t\000a\000i\000n\000t\000y\000\040\000a\000n\000a\000l\000y\000s\000i\000s}{section.7}% 25
\BOOKMARK [2][-]{subsection.7.3}{\376\377\000A\000d\000d\000i\000t\000i\000o\000n\000a\000l\000\040\000f\000i\000g\000u\000r\000e\000s}{section.7}% 26
